INFO [2021-10-02 15:20:13] RObject save in directory: /home/mg000001/DoubletDetection/scrna_seurat_pipeline//Test/save
INFO [2021-10-02 15:20:13] xlsx save in directory: /home/mg000001/DoubletDetection/scrna_seurat_pipeline//Test/charts
INFO [2021-10-02 15:20:14] ----------------------Project: Mouse Blood project --------------------------
INFO [2021-10-02 15:20:14] samples summary: 
INFO [2021-10-02 15:20:14] 1   ------->  A_MxCre   ------->  data/A_MxCre
INFO [2021-10-02 15:20:14] The executing plan is: 
INFO [2021-10-02 15:20:14] 			calculating: scrna_phase_singleton
INFO [2021-10-02 15:20:34] executing generate_scrna_phase_singleton
INFO [2021-10-02 15:20:34] executing generate_scrna_rawdata
INFO [2021-10-02 15:20:38] finished generate_scrna_rawdata
INFO [2021-10-02 15:20:38] executing generate_scrna_ambient_rna
INFO [2021-10-02 15:21:13] finished generate_scrna_ambient_rna
INFO [2021-10-02 15:21:13] executing generate_scrna_filter
INFO [2021-10-02 15:21:13] finished generate_scrna_filter
INFO [2021-10-02 15:21:13] executing generate_scrna_doublet_proportions
INFO [2021-10-02 15:23:59] finished generate_scrna_doublet_proportions
INFO [2021-10-02 15:23:59] executing generate_scrna_preprocess
INFO [2021-10-02 15:24:08] finished generate_scrna_preprocess
INFO [2021-10-02 15:24:08] executing generate_scrna_cellcycle
INFO [2021-10-02 15:24:10] finished generate_scrna_cellcycle
INFO [2021-10-02 15:24:10] executing generate_scrna_cycleRegressOut
INFO [2021-10-02 15:24:33] finished generate_scrna_cycleRegressOut
INFO [2021-10-02 15:24:33] executing generate_scrna_regressOut
INFO [2021-10-02 15:25:00] finished generate_scrna_regressOut
INFO [2021-10-02 15:25:00] executing generate_scrna_ScaleSingleton
INFO [2021-10-02 15:25:18] finished generate_scrna_ScaleSingleton
INFO [2021-10-02 15:25:18] executing generate_scrna_sltn_batch_clustering
INFO [2021-10-02 15:25:21] finished generate_scrna_sltn_batch_clustering
INFO [2021-10-02 15:25:21] executing generate_scrna_singleton_clustering
INFO [2021-10-02 15:25:21] finished generate_scrna_singleton_clustering
INFO [2021-10-02 15:25:23] finished scrna_phase_singleton
INFO [2021-10-02 15:25:23] ===============Finished===============
