INFO [2021-10-14 16:33:13] RObject save in directory: /home/mg000001/DoubletDetection/scrna_seurat_pipeline//Test/save
INFO [2021-10-14 16:33:13] xlsx save in directory: /home/mg000001/DoubletDetection/scrna_seurat_pipeline//Test/charts
INFO [2021-10-14 16:37:44] RObject save in existed directory: /home/mg000001/DoubletDetection/scrna_seurat_pipeline//Test/save
INFO [2021-10-14 16:37:44] xlsx save in existed directory: /home/mg000001/DoubletDetection/scrna_seurat_pipeline//Test/charts
INFO [2021-10-14 16:41:43] RObject save in existed directory: /home/mg000001/DoubletDetection/scrna_seurat_pipeline//Test/save
INFO [2021-10-14 16:41:43] xlsx save in existed directory: /home/mg000001/DoubletDetection/scrna_seurat_pipeline//Test/charts
INFO [2021-10-14 16:41:44] ----------------------Project: Mouse Blood project --------------------------
INFO [2021-10-14 16:41:44] samples summary: 
INFO [2021-10-14 16:41:44] 1   ------->  A_MxCre   ------->  data/A_MxCre
INFO [2021-10-14 16:41:44] The executing plan is: 
INFO [2021-10-14 16:41:44] 			calculating: scrna_phase_singleton
INFO [2021-10-14 16:41:54] executing generate_scrna_phase_singleton
INFO [2021-10-14 16:41:54] executing generate_scrna_rawdata
INFO [2021-10-14 16:41:57] finished generate_scrna_rawdata
INFO [2021-10-14 16:41:57] executing generate_scrna_ambient_rna
INFO [2021-10-14 16:42:12] finished generate_scrna_ambient_rna
INFO [2021-10-14 16:42:12] executing generate_scrna_filter
INFO [2021-10-14 16:42:12] finished generate_scrna_filter
INFO [2021-10-14 16:42:12] executing generate_scrna_doublet_proportions
INFO [2021-10-14 16:43:05] finished generate_scrna_doublet_proportions
INFO [2021-10-14 16:43:05] executing generate_scrna_preprocess
INFO [2021-10-14 16:43:08] finished generate_scrna_preprocess
INFO [2021-10-14 16:43:08] executing generate_scrna_cellcycle
INFO [2021-10-14 16:43:09] finished generate_scrna_cellcycle
INFO [2021-10-14 16:43:09] executing generate_scrna_cycleRegressOut
INFO [2021-10-14 16:43:15] finished generate_scrna_cycleRegressOut
INFO [2021-10-14 16:43:15] executing generate_scrna_regressOut
INFO [2021-10-14 16:43:23] finished generate_scrna_regressOut
INFO [2021-10-14 16:43:23] executing generate_scrna_ScaleSingleton
INFO [2021-10-14 16:43:28] finished generate_scrna_ScaleSingleton
INFO [2021-10-14 16:43:28] executing generate_scrna_sltn_batch_clustering
INFO [2021-10-14 16:43:28] finished generate_scrna_sltn_batch_clustering
INFO [2021-10-14 16:43:28] executing generate_scrna_singleton_clustering
INFO [2021-10-14 16:43:28] finished generate_scrna_singleton_clustering
INFO [2021-10-14 16:43:29] finished scrna_phase_singleton
INFO [2021-10-14 16:43:29] ===============Finished===============
